main7.c(5): Error! E1055: Unable to open 'stdalign.h'
main7.c(52): Error! E1009: Expecting ',' but found '('
main7.c(52): Error! E1026: Invalid declarator
main7.c(52): Error! E1009: Expecting ',' but found '=='
main7.c(52): Error! E1026: Invalid declarator
main7.c(52): Error! E1009: Expecting ',' but found '4'
main7.c(52): Error! E1026: Invalid declarator
main7.c(52): Error! E1026: Invalid declarator
main7.c(52): Error! E1009: Expecting ',' but found 'unexpected alignment'
main7.c(52): Error! E1026: Invalid declarator
main7.c(52): Error! E1009: Expecting ',' but found ')'
main7.c(52): Error! E1026: Invalid declarator
main7.c(55): Error! E1024: Declared symbol 'main' is not in parameter list
main7.c(55): Error! E1076: Missing semicolon at end of declaration
main7.c(61): Error! E1077: Missing '}'
main7.c(61): Warning! W107: Missing return value for function 'static_assert'
main7.c(61): Error! E1011: Symbol 'A' has not been declared
main7.c(61): Error! E1011: Symbol 'B' has not been declared
main7.c(61): Error! E1054: Expression must be constant
main7.c(62): Error! E1009: Expecting ')' but found '|A-B|=%d\n'
main7.c(62): Error! E1147: Too many errors: compilation aborted
